<?xml version="1.0" encoding="UTF-8"?>
<testng-results skipped="0" failed="0" total="1" passed="1">
  <reporter-output>
  </reporter-output>
  <suite name="BDD Test Suite" duration-ms="25929" started-at="2020-06-02T03:45:46Z" finished-at="2020-06-02T03:46:12Z">
    <groups>
      <group name="cucumber">
        <method signature="TestRunner.feature(cucumber.api.testng.CucumberFeatureWrapper)[pri:0, instance:com.cucumberFramework.testRunner.TestRunner@6df97b55]" name="feature" class="com.cucumberFramework.testRunner.TestRunner"/>
      </group> <!-- cucumber -->
    </groups>
    <test name="Regression Test" duration-ms="25929" started-at="2020-06-02T03:45:46Z" finished-at="2020-06-02T03:46:12Z">
      <class name="com.cucumberFramework.testRunner.TestRunner">
        <test-method status="PASS" signature="setUpClass()[pri:0, instance:com.cucumberFramework.testRunner.TestRunner@6df97b55]" name="setUpClass" is-config="true" duration-ms="560" started-at="2020-06-02T09:15:46Z" finished-at="2020-06-02T09:15:47Z">
          <reporter-output>
          </reporter-output>
        </test-method> <!-- setUpClass -->
        <test-method status="PASS" signature="feature(cucumber.api.testng.CucumberFeatureWrapper)[pri:0, instance:com.cucumberFramework.testRunner.TestRunner@6df97b55]" name="feature" duration-ms="25097" started-at="2020-06-02T09:15:47Z" description="Runs cucmber Features" data-provider="features" finished-at="2020-06-02T09:16:12Z">
          <params>
            <param index="0">
              <value>
                <![CDATA[As a Amazon user I should not be able to login with invalid credentials]]>
              </value>
            </param>
          </params>
          <reporter-output>
          </reporter-output>
        </test-method> <!-- feature -->
        <test-method status="PASS" signature="testDownClass()[pri:0, instance:com.cucumberFramework.testRunner.TestRunner@6df97b55]" name="testDownClass" is-config="true" duration-ms="98" started-at="2020-06-02T09:16:12Z" finished-at="2020-06-02T09:16:12Z">
          <reporter-output>
          </reporter-output>
        </test-method> <!-- testDownClass -->
      </class> <!-- com.cucumberFramework.testRunner.TestRunner -->
    </test> <!-- Regression Test -->
  </suite> <!-- BDD Test Suite -->
</testng-results>
