<?xml version="1.0" encoding="UTF-8"?>
<testng-results skipped="0" failed="0" total="1" passed="1">
  <reporter-output>
  </reporter-output>
  <suite name="BDD Test Suite" duration-ms="31269" started-at="2020-05-29T12:06:42Z" finished-at="2020-05-29T12:07:13Z">
    <groups>
      <group name="cucumber">
        <method signature="TestRunner.feature(cucumber.api.testng.CucumberFeatureWrapper)[pri:0, instance:com.cucumberFramework.testRunner.TestRunner@26dcd8c0]" name="feature" class="com.cucumberFramework.testRunner.TestRunner"/>
      </group> <!-- cucumber -->
    </groups>
    <test name="Regression Test" duration-ms="31269" started-at="2020-05-29T12:06:42Z" finished-at="2020-05-29T12:07:13Z">
      <class name="com.cucumberFramework.testRunner.TestRunner">
        <test-method status="PASS" signature="setUpClass()[pri:0, instance:com.cucumberFramework.testRunner.TestRunner@26dcd8c0]" name="setUpClass" is-config="true" duration-ms="1790" started-at="2020-05-29T17:36:42Z" finished-at="2020-05-29T17:36:44Z">
          <reporter-output>
          </reporter-output>
        </test-method> <!-- setUpClass -->
        <test-method status="PASS" signature="feature(cucumber.api.testng.CucumberFeatureWrapper)[pri:0, instance:com.cucumberFramework.testRunner.TestRunner@26dcd8c0]" name="feature" duration-ms="28875" started-at="2020-05-29T17:36:44Z" description="Runs cucmber Features" data-provider="features" finished-at="2020-05-29T17:37:13Z">
          <params>
            <param index="0">
              <value>
                <![CDATA[As a Amazon user I should not be able to login with invalid credentials]]>
              </value>
            </param>
          </params>
          <reporter-output>
          </reporter-output>
        </test-method> <!-- feature -->
        <test-method status="PASS" signature="testDownClass()[pri:0, instance:com.cucumberFramework.testRunner.TestRunner@26dcd8c0]" name="testDownClass" is-config="true" duration-ms="6" started-at="2020-05-29T17:37:13Z" finished-at="2020-05-29T17:37:13Z">
          <reporter-output>
          </reporter-output>
        </test-method> <!-- testDownClass -->
      </class> <!-- com.cucumberFramework.testRunner.TestRunner -->
    </test> <!-- Regression Test -->
  </suite> <!-- BDD Test Suite -->
</testng-results>
