<?xml version="1.0" encoding="UTF-8"?>
<testng-results skipped="0" failed="0" total="1" passed="1">
  <reporter-output>
  </reporter-output>
  <suite name="Default suite" duration-ms="33618" started-at="2020-05-29T12:04:43Z" finished-at="2020-05-29T12:05:16Z">
    <groups>
      <group name="cucumber">
        <method signature="TestRunner.feature(cucumber.api.testng.CucumberFeatureWrapper)[pri:0, instance:com.cucumberFramework.testRunner.TestRunner@1b9776f5]" name="feature" class="com.cucumberFramework.testRunner.TestRunner"/>
      </group> <!-- cucumber -->
    </groups>
    <test name="Default test" duration-ms="33618" started-at="2020-05-29T12:04:43Z" finished-at="2020-05-29T12:05:16Z">
      <class name="com.cucumberFramework.testRunner.TestRunner">
        <test-method status="PASS" signature="setUpClass()[pri:0, instance:com.cucumberFramework.testRunner.TestRunner@1b9776f5]" name="setUpClass" is-config="true" duration-ms="1739" started-at="2020-05-29T17:34:43Z" finished-at="2020-05-29T17:34:44Z">
          <reporter-output>
          </reporter-output>
        </test-method> <!-- setUpClass -->
        <test-method status="PASS" signature="feature(cucumber.api.testng.CucumberFeatureWrapper)[pri:0, instance:com.cucumberFramework.testRunner.TestRunner@1b9776f5]" name="feature" duration-ms="31196" started-at="2020-05-29T17:34:45Z" description="Runs cucmber Features" data-provider="features" finished-at="2020-05-29T17:35:16Z">
          <params>
            <param index="0">
              <value>
                <![CDATA[As a Amazon user I should not be able to login with invalid credentials]]>
              </value>
            </param>
          </params>
          <reporter-output>
          </reporter-output>
        </test-method> <!-- feature -->
        <test-method status="PASS" signature="testDownClass()[pri:0, instance:com.cucumberFramework.testRunner.TestRunner@1b9776f5]" name="testDownClass" is-config="true" duration-ms="10" started-at="2020-05-29T17:35:16Z" finished-at="2020-05-29T17:35:16Z">
          <reporter-output>
          </reporter-output>
        </test-method> <!-- testDownClass -->
      </class> <!-- com.cucumberFramework.testRunner.TestRunner -->
    </test> <!-- Default test -->
  </suite> <!-- Default suite -->
</testng-results>
